<?xml version="1.0" encoding="utf-8"?><testsuites name="pytest tests"><testsuite name="pytest" errors="0" failures="0" skipped="0" tests="25" time="6.773" timestamp="2026-07-27T11:08:08.431028+00:00" hostname="agent-env-a45f3b15-2382-4de5-b38c-bc8e77acaed7"><testcase classname="tests.test_homeflow_api" name="test_root" time="0.342" /><testcase classname="tests.test_homeflow_api" name="test_register_regular_user" time="0.441" /><testcase classname="tests.test_homeflow_api" name="test_register_founder_flags" time="0.444" /><testcase classname="tests.test_homeflow_api" name="test_login_wrong_password" time="0.369" /><testcase classname="tests.test_homeflow_api" name="test_login_correct" time="0.344" /><testcase classname="tests.test_homeflow_api" name="test_me_endpoint" time="0.100" /><testcase classname="tests.test_homeflow_api" name="test_me_no_token" time="0.091" /><testcase classname="tests.test_homeflow_api" name="test_me_invalid_token" time="0.093" /><testcase classname="tests.test_homeflow_api" name="test_wallet_crud_and_transaction_balance_update" time="0.842" /><testcase classname="tests.test_homeflow_api" name="test_goals_crud" time="0.382" /><testcase classname="tests.test_homeflow_api" name="test_tasks_crud" time="0.306" /><testcase classname="tests.test_homeflow_api" name="test_shopping_crud" time="0.292" /><testcase classname="tests.test_homeflow_api" name="test_events_crud" time="0.301" /><testcase classname="tests.test_homeflow_api" name="test_cards_crud" time="0.390" /><testcase classname="tests.test_homeflow_api" name="test_dashboard_summary" time="0.103" /><testcase classname="tests.test_homeflow_api" name="test_founders_list" time="0.090" /><testcase classname="tests.test_homeflow_api" name="test_ai_chat" time="0.754" /><testcase classname="tests.test_homeflow_api" name="test_protected_endpoints_require_auth[/wallets]" time="0.108" /><testcase classname="tests.test_homeflow_api" name="test_protected_endpoints_require_auth[/transactions]" time="0.093" /><testcase classname="tests.test_homeflow_api" name="test_protected_endpoints_require_auth[/goals]" time="0.094" /><testcase classname="tests.test_homeflow_api" name="test_protected_endpoints_require_auth[/tasks]" time="0.098" /><testcase classname="tests.test_homeflow_api" name="test_protected_endpoints_require_auth[/shopping]" time="0.090" /><testcase classname="tests.test_homeflow_api" name="test_protected_endpoints_require_auth[/events]" time="0.100" /><testcase classname="tests.test_homeflow_api" name="test_protected_endpoints_require_auth[/cards]" time="0.092" /><testcase classname="tests.test_homeflow_api" name="test_protected_endpoints_require_auth[/dashboard/summary]" time="0.095" /></testsuite></testsuites>