<?xml version="1.0" encoding="utf-8"?><testsuites name="pytest tests"><testsuite name="pytest" errors="0" failures="1" skipped="0" tests="23" time="7.063" timestamp="2026-07-27T12:09:33.609078+00:00" hostname="agent-env-a45f3b15-2382-4de5-b38c-bc8e77acaed7"><testcase classname="tests.test_security_fixes.TestSEC001FounderImpersonation" name="test_register_founder_email_without_code_forbidden" time="0.187" /><testcase classname="tests.test_security_fixes.TestSEC001FounderImpersonation" name="test_register_founder_email_with_wrong_code_forbidden" time="0.236" /><testcase classname="tests.test_security_fixes.TestSEC001FounderImpersonation" name="test_founders_without_token_unauthorized" time="0.141" /><testcase classname="tests.test_security_fixes.TestRegression" name="test_regular_login_still_works" time="0.632" /><testcase classname="tests.test_security_fixes.TestSEC001FounderImpersonation" name="test_founders_with_regular_user_forbidden" time="0.596" /><testcase classname="tests.test_security_fixes.TestRegression" name="test_founder_login_flags" time="0.670" /><testcase classname="tests.test_security_fixes.TestRegression" name="test_register_new_regular_user" time="0.324" /><testcase classname="tests.test_security_fixes.TestRegression" name="test_wallets_crud" time="0.488" /><testcase classname="tests.test_security_fixes.TestSEC001FounderImpersonation" name="test_founders_with_founder_ok" time="1.037" /><testcase classname="tests.test_security_fixes.TestRegression" name="test_dashboard_summary" time="0.135" /><testcase classname="tests.test_security_fixes.TestSEC002JWTSecret" name="test_old_weak_secret_token_rejected" time="0.100" /><testcase classname="tests.test_security_fixes.TestRegression" name="test_ai_chat_founder" time="0.740" /><testcase classname="tests.test_security_fixes.TestSEC002JWTSecret" name="test_random_garbage_token_rejected" time="0.151" /><testcase classname="tests.test_security_fixes.TestFreePlanLimits" name="test_wallet_limit" time="0.605" /><testcase classname="tests.test_security_fixes.TestRegression" name="test_subscription_request" time="0.148" /><testcase classname="tests.test_security_fixes.TestFreePlanLimits" name="test_goal_limit" time="0.403" /><testcase classname="tests.test_security_fixes.TestRegression" name="test_admin_users_founder_only" time="0.242" /><testcase classname="tests.test_security_fixes.TestRegression" name="test_admin_subscription_requests_founder_only" time="0.237" /><testcase classname="tests.test_security_fixes.TestSEC003TokenExpiry" name="test_token_expires_in_7_days" time="0.000" /><testcase classname="tests.test_security_fixes.TestPasswordHardening" name="test_short_password_rejected" time="0.096" /><testcase classname="tests.test_security_fixes.TestZLoginRateLimit" name="test_rate_limit_triggers_429" time="3.149"><failure message="AssertionError: Expected 429 within 30 attempts. Got: [401, 401, 401, 401, 401, 401, 401, 401, 401, 401, 401, 401, 401, 401, 401, 401, 401, 401, 401, 401, 401, 401, 401, 401, 401, 401, 401, 401, 401, 401]&#10;assert 429 in [401, 401, 401, 401, 401, 401, ...]">test_security_fixes.py:277: in test_rate_limit_triggers_429
    assert 429 in codes, f"Expected 429 within 30 attempts. Got: {codes}"
E   AssertionError: Expected 429 within 30 attempts. Got: [401, 401, 401, 401, 401, 401, 401, 401, 401, 401, 401, 401, 401, 401, 401, 401, 401, 401, 401, 401, 401, 401, 401, 401, 401, 401, 401, 401, 401, 401]
E   assert 429 in [401, 401, 401, 401, 401, 401, ...]</failure></testcase><testcase classname="tests.test_security_fixes.TestRegression" name="test_admin_premium_update_forbidden_for_regular" time="0.097" /><testcase classname="tests.test_security_fixes.TestRegression" name="test_admin_premium_update_by_founder" time="0.423" /></testsuite></testsuites>